<?xml version="1.0" encoding="UTF-8"?>
<!--
  ***** BEGIN LICENSE BLOCK *****
  Version: MPL 1.1/GPL 2.0/LGPL 2.1
  
  The contents of this file are subject to the Mozilla Public License Version
  1.1 (the "License"); you may not use this file except in compliance with
  the License. You may obtain a copy of the License at
  http://www.mozilla.org/MPL/
  
  Software distributed under the License is distributed on an "AS IS" basis,
  WITHOUT WARRANTY OF ANY KIND, either express or implied. See the License
  for the specific language governing rights and limitations under the
  License.
  
  The Original Code is Opus-College college module code.
  
  The Initial Developer of the Original Code is
  Center for Information Services, Radboud University Nijmegen.
  Portions created by the Initial Developer are Copyright (C) 2008
  the Initial Developer. All Rights Reserved.
  
  Contributor(s):
    For Java files, see Javadoc @author tags.
  
  Alternatively, the contents of this file may be used under the terms of
  either the GNU General Public License Version 2 or later (the "GPL"), or
  the GNU Lesser General Public License Version 2.1 or later (the "LGPL"),
  in which case the provisions of the GPL or the LGPL are applicable instead
  of those above. If you wish to allow use of your version of this file only
  under the terms of either the GPL or the LGPL, and not to allow others to
  use your version of this file under the terms of the MPL, indicate your
  decision by deleting the provisions above and replace them with the notice
  and other provisions required by the GPL or the LGPL. If you do not delete
  the provisions above, a recipient may use your version of this file under
  the terms of any one of the MPL, the GPL or the LGPL.
  
  ***** END LICENSE BLOCK *****
-->
<project name="test-targets">

	<!--
		This file contains targets that deal with testing module-specific
		functionality.
	-->
	
	<import file="compile-targets.xml" />

	<!--
        Specify tests that shall not be included in the automated test run 
        E.g. on the command line add -D option: ant test -Dexcluded.tests=**/*MyTest*
    -->
    <property name="excluded.tests" value=""/>

<!-- MP 2014-06-30: Old junit-only tests replaced by testng framework, -->
<!--                which runs both junit and testng tests (in "mixed" mode) -->

<!-- 	<target name="test" depends="compile" description="Run all test code in the project"> -->
<!-- 		<junit forkmode="perBatch" dir="${basedir}" haltonerror="true" haltonfailure="true"> -->
<!-- 			<classpath> -->
<!-- 				<pathelement location="${test.classes.dir}" /> -->
<!-- 				<pathelement location="${main.classes.dir}" /> -->
<!-- 				<fileset refid="classpath" /> -->
<!--                 <pathelement location="${webapp.dir}"/> -->
<!-- 			    <path refid="provided-libs"/> -->
<!-- 				<path refid="module-dependencies"/> -->
<!-- 			</classpath> -->
<!-- 			<batchtest fork="yes"> -->
<!-- 				<fileset dir="${test.classes.dir}" includes="**/*Test.class,**/*Tests.class" -->
<!-- 					excludes="**/Abstract*.class,${excluded.tests}"/> -->
<!-- 			</batchtest> -->
<!-- 			<formatter type="brief" usefile="false"/> -->
<!-- 		</junit> -->
<!-- 	</target> -->

    <target name="test" depends="compile" description="Run all tests of all modules at once">
        <taskdef resource="testngtasks" classpathref="provided-libs" />

        <!-- testng "mixed" mode: both JUnit and TestNG tests are executed -->
        <testng mode="mixed">
            <classpath>
                <pathelement location="${targetproject.dir}/build/test-classes" />
                <pathelement location="${targetproject.webapp.dir}"/>
                <fileset refid="classpath" />
                <path refid="provided-libs"/>
<!--                 <path refid="module-dependencies"/> -->
            </classpath>
            <classfileset dir="${targetproject.dir}/build/test-classes"
                includes="**/*TestNG.class, **/*TestsNG.class, **/*Test.class, **/*Tests.class, **/*Tester.class" 
                excludes="**/Abstract*.class,${excluded.tests}"
                />
        </testng>
    </target>

    <target name="test-separate" depends="compile" description="Run all tests in a specific module">
        <taskdef resource="testngtasks" classpathref="provided-libs" />

        <!-- testng "mixed" mode: both JUnit and TestNG tests are executed -->
        <!-- college test-classes are included for shared item like initDatabaseTestBean.xml -->
        <!-- targetproject.webapp.dir (opus webapp dir) included to have access to sql maps -->
        <testng mode="mixed">
            <classpath>
                <pathelement location="${test.classes.dir}" />
                <pathelement location="${common.test.classes.dir}"/>
                <pathelement location="${targetproject.webapp.dir}"/>
                <pathelement location="${main.classes.dir}" />
                <fileset refid="classpath" />
                <path refid="provided-libs"/>
                <path refid="module-dependencies"/>
            </classpath>
            <classfileset dir="${test.classes.dir}"
                includes="**/*TestNG.class, **/*TestsNG.class, **/*Test.class, **/*Tests.class, **/*Tester.class" 
                excludes="**/Abstract*.class,${excluded.tests}"
                />
        </testng>
    </target>

</project>
